<?xml version="1.0" encoding="UTF-8"?>
<!-- Generated by org.testng.reporters.JUnitXMLReporter -->
<testsuite ignored="0" hostname="LAPTOP-SL4APH59" failures="0" tests="3" name="Default test" time="37.127" errors="0" timestamp="14 Nov 2019 17:41:58 GMT">
  <testcase classname="com.travelmedicare.qa.testcases.LoginPageTest" name="ValidData_SignIn" time="1.199"/>
  <testcase classname="com.travelmedicare.qa.testcases.LoginPageTest" name="InValidData_BlankEmail_SignIn" time="0.511"/>
  <testcase classname="com.travelmedicare.qa.testcases.LoginPageTest" name="InValidData_BlankPassword_SignIn" time="0.523"/>
</testsuite> <!-- Default test -->
